多账号执行间隔：10.0
[2025-12-25 08:43:27]
[1/11]账号：0@***yz
使用加密保存的app_token
已设置为随机步数范围(26666~29999) 随机值:28676
修改步数 (28676) ✅

[2025-12-25 08:43:40]
[2/11]账号：1@***ba
使用加密保存的app_token
已设置为随机步数范围(26666~29999) 随机值:27550
修改步数 (27550) ✅

[2025-12-25 08:43:53]
[3/11]账号：1@***yz
使用加密保存的app_token
已设置为随机步数范围(26666~29999) 随机值:27821
修改步数 (27821) ✅

[2025-12-25 08:44:06]
[4/11]账号：2@***yz
使用加密保存的app_token
已设置为随机步数范围(26666~29999) 随机值:27915
修改步数 (27915) ✅

[2025-12-25 08:44:20]
[5/11]账号：6@***ba
使用加密保存的app_token
已设置为随机步数范围(26666~29999) 随机值:27415
修改步数 (27415) ✅

[2025-12-25 08:44:33]
[6/11]账号：8@***ba
使用加密保存的app_token
已设置为随机步数范围(26666~29999) 随机值:27789
修改步数 (27789) ✅

[2025-12-25 08:44:46]
[7/11]账号：9@***ba
使用加密保存的app_token
已设置为随机步数范围(26666~29999) 随机值:29182
修改步数 (29182) ✅

[2025-12-25 08:44:59]
[8/11]账号：3@m****x.me
使用加密保存的app_token
已设置为随机步数范围(26666~29999) 随机值:29493
修改步数 (29493) ✅

[2025-12-25 08:45:12]
[9/11]账号：4@m****x.me
使用加密保存的app_token
已设置为随机步数范围(26666~29999) 随机值:29074
修改步数 (29074) ✅

[2025-12-25 08:45:25]
[10/11]账号：176****0002
执行异常:Traceback (most recent call last):
  File "/opt/hostedtoolcache/Python/3.10.19/x64/lib/python3.10/site-packages/urllib3/connection.py", line 204, in _new_conn
    sock = connection.create_connection(
  File "/opt/hostedtoolcache/Python/3.10.19/x64/lib/python3.10/site-packages/urllib3/util/connection.py", line 85, in create_connection
    raise err
  File "/opt/hostedtoolcache/Python/3.10.19/x64/lib/python3.10/site-packages/urllib3/util/connection.py", line 73, in create_connection
    sock.connect(sa)
TimeoutError: [Errno 110] Connection timed out

The above exception was the direct cause of the following exception:

Traceback (most recent call last):
  File "/opt/hostedtoolcache/Python/3.10.19/x64/lib/python3.10/site-packages/urllib3/connectionpool.py", line 787, in urlopen
    response = self._make_request(
  File "/opt/hostedtoolcache/Python/3.10.19/x64/lib/python3.10/site-packages/urllib3/connectionpool.py", line 488, in _make_request
    raise new_e
  File "/opt/hostedtoolcache/Python/3.10.19/x64/lib/python3.10/site-packages/urllib3/connectionpool.py", line 464, in _make_request
    self._validate_conn(conn)
  File "/opt/hostedtoolcache/Python/3.10.19/x64/lib/python3.10/site-packages/urllib3/connectionpool.py", line 1093, in _validate_conn
    conn.connect()
  File "/opt/hostedtoolcache/Python/3.10.19/x64/lib/python3.10/site-packages/urllib3/connection.py", line 759, in connect
    self.sock = sock = self._new_conn()
  File "/opt/hostedtoolcache/Python/3.10.19/x64/lib/python3.10/site-packages/urllib3/connection.py", line 213, in _new_conn
    raise ConnectTimeoutError(
urllib3.exceptions.ConnectTimeoutError: (<HTTPSConnection(host='api-mifit-cn.huami.com', port=443) at 0x7f7b172b2140>, 'Connection to api-mifit-cn.huami.com timed out. (connect timeout=None)')

The above exception was the direct cause of the following exception:

Traceback (most recent call last):
  File "/opt/hostedtoolcache/Python/3.10.19/x64/lib/python3.10/site-packages/requests/adapters.py", line 644, in send
    resp = conn.urlopen(
  File "/opt/hostedtoolcache/Python/3.10.19/x64/lib/python3.10/site-packages/urllib3/connectionpool.py", line 841, in urlopen
    retries = retries.increment(
  File "/opt/hostedtoolcache/Python/3.10.19/x64/lib/python3.10/site-packages/urllib3/util/retry.py", line 519, in increment
    raise MaxRetryError(_pool, url, reason) from reason  # type: ignore[arg-type]
urllib3.exceptions.MaxRetryError: HTTPSConnectionPool(host='api-mifit-cn.huami.com', port=443): Max retries exceeded with url: /v1/data/band_data.json?&t=1766623526921&r=1d159eed-88a1-47ce-8522-ebd2f38a787a (Caused by ConnectTimeoutError(<HTTPSConnection(host='api-mifit-cn.huami.com', port=443) at 0x7f7b172b2140>, 'Connection to api-mifit-cn.huami.com timed out. (connect timeout=None)'))

During handling of the above exception, another exception occurred:

Traceback (most recent call last):
  File "/home/runner/work/mimotion/mimotion/main.py", line 218, in run_single_account
    exec_msg, success = runner.login_and_post_step(min_step, max_step)
  File "/home/runner/work/mimotion/mimotion/main.py", line 162, in login_and_post_step
    ok, msg = zeppHelper.post_fake_brand_data(step, app_token, self.user_id)
  File "/home/runner/work/mimotion/mimotion/util/zepp_helper.py", line 363, in post_fake_brand_data
    response = requests.post(url, data=data, headers=head)
  File "/opt/hostedtoolcache/Python/3.10.19/x64/lib/python3.10/site-packages/requests/api.py", line 115, in post
    return request("post", url, data=data, json=json, **kwargs)
  File "/opt/hostedtoolcache/Python/3.10.19/x64/lib/python3.10/site-packages/requests/api.py", line 59, in request
    return session.request(method=method, url=url, **kwargs)
  File "/opt/hostedtoolcache/Python/3.10.19/x64/lib/python3.10/site-packages/requests/sessions.py", line 589, in request
    resp = self.send(prep, **send_kwargs)
  File "/opt/hostedtoolcache/Python/3.10.19/x64/lib/python3.10/site-packages/requests/sessions.py", line 703, in send
    r = adapter.send(request, **kwargs)
  File "/opt/hostedtoolcache/Python/3.10.19/x64/lib/python3.10/site-packages/requests/adapters.py", line 665, in send
    raise ConnectTimeout(e, request=request)
requests.exceptions.ConnectTimeout: HTTPSConnectionPool(host='api-mifit-cn.huami.com', port=443): Max retries exceeded with url: /v1/data/band_data.json?&t=1766623526921&r=1d159eed-88a1-47ce-8522-ebd2f38a787a (Caused by ConnectTimeoutError(<HTTPSConnection(host='api-mifit-cn.huami.com', port=443) at 0x7f7b172b2140>, 'Connection to api-mifit-cn.huami.com timed out. (connect timeout=None)'))

Traceback (most recent call last):
  File "/opt/hostedtoolcache/Python/3.10.19/x64/lib/python3.10/site-packages/urllib3/connection.py", line 204, in _new_conn
    sock = connection.create_connection(
  File "/opt/hostedtoolcache/Python/3.10.19/x64/lib/python3.10/site-packages/urllib3/util/connection.py", line 85, in create_connection
    raise err
  File "/opt/hostedtoolcache/Python/3.10.19/x64/lib/python3.10/site-packages/urllib3/util/connection.py", line 73, in create_connection
    sock.connect(sa)
TimeoutError: [Errno 110] Connection timed out

The above exception was the direct cause of the following exception:

Traceback (most recent call last):
  File "/opt/hostedtoolcache/Python/3.10.19/x64/lib/python3.10/site-packages/urllib3/connectionpool.py", line 787, in urlopen
    response = self._make_request(
  File "/opt/hostedtoolcache/Python/3.10.19/x64/lib/python3.10/site-packages/urllib3/connectionpool.py", line 488, in _make_request
    raise new_e
  File "/opt/hostedtoolcache/Python/3.10.19/x64/lib/python3.10/site-packages/urllib3/connectionpool.py", line 464, in _make_request
    self._validate_conn(conn)
  File "/opt/hostedtoolcache/Python/3.10.19/x64/lib/python3.10/site-packages/urllib3/connectionpool.py", line 1093, in _validate_conn
    conn.connect()
  File "/opt/hostedtoolcache/Python/3.10.19/x64/lib/python3.10/site-packages/urllib3/connection.py", line 759, in connect
    self.sock = sock = self._new_conn()
  File "/opt/hostedtoolcache/Python/3.10.19/x64/lib/python3.10/site-packages/urllib3/connection.py", line 213, in _new_conn
    raise ConnectTimeoutError(
urllib3.exceptions.ConnectTimeoutError: (<HTTPSConnection(host='api-mifit-cn.huami.com', port=443) at 0x7f7b172b2140>, 'Connection to api-mifit-cn.huami.com timed out. (connect timeout=None)')

The above exception was the direct cause of the following exception:

Traceback (most recent call last):
  File "/opt/hostedtoolcache/Python/3.10.19/x64/lib/python3.10/site-packages/requests/adapters.py", line 644, in send
    resp = conn.urlopen(
  File "/opt/hostedtoolcache/Python/3.10.19/x64/lib/python3.10/site-packages/urllib3/connectionpool.py", line 841, in urlopen
    retries = retries.increment(
  File "/opt/hostedtoolcache/Python/3.10.19/x64/lib/python3.10/site-packages/urllib3/util/retry.py", line 519, in increment
    raise MaxRetryError(_pool, url, reason) from reason  # type: ignore[arg-type]
urllib3.exceptions.MaxRetryError: HTTPSConnectionPool(host='api-mifit-cn.huami.com', port=443): Max retries exceeded with url: /v1/data/band_data.json?&t=1766623526921&r=1d159eed-88a1-47ce-8522-ebd2f38a787a (Caused by ConnectTimeoutError(<HTTPSConnection(host='api-mifit-cn.huami.com', port=443) at 0x7f7b172b2140>, 'Connection to api-mifit-cn.huami.com timed out. (connect timeout=None)'))

During handling of the above exception, another exception occurred:

Traceback (most recent call last):
  File "/home/runner/work/mimotion/mimotion/main.py", line 218, in run_single_account
    exec_msg, success = runner.login_and_post_step(min_step, max_step)
  File "/home/runner/work/mimotion/mimotion/main.py", line 162, in login_and_post_step
    ok, msg = zeppHelper.post_fake_brand_data(step, app_token, self.user_id)
  File "/home/runner/work/mimotion/mimotion/util/zepp_helper.py", line 363, in post_fake_brand_data
    response = requests.post(url, data=data, headers=head)
  File "/opt/hostedtoolcache/Python/3.10.19/x64/lib/python3.10/site-packages/requests/api.py", line 115, in post
    return request("post", url, data=data, json=json, **kwargs)
  File "/opt/hostedtoolcache/Python/3.10.19/x64/lib/python3.10/site-packages/requests/api.py", line 59, in request
    return session.request(method=method, url=url, **kwargs)
  File "/opt/hostedtoolcache/Python/3.10.19/x64/lib/python3.10/site-packages/requests/sessions.py", line 589, in request
    resp = self.send(prep, **send_kwargs)
  File "/opt/hostedtoolcache/Python/3.10.19/x64/lib/python3.10/site-packages/requests/sessions.py", line 703, in send
    r = adapter.send(request, **kwargs)
  File "/opt/hostedtoolcache/Python/3.10.19/x64/lib/python3.10/site-packages/requests/adapters.py", line 665, in send
    raise ConnectTimeout(e, request=request)
requests.exceptions.ConnectTimeout: HTTPSConnectionPool(host='api-mifit-cn.huami.com', port=443): Max retries exceeded with url: /v1/data/band_data.json?&t=1766623526921&r=1d159eed-88a1-47ce-8522-ebd2f38a787a (Caused by ConnectTimeoutError(<HTTPSConnection(host='api-mifit-cn.huami.com', port=443) at 0x7f7b172b2140>, 'Connection to api-mifit-cn.huami.com timed out. (connect timeout=None)'))

[2025-12-25 08:47:53]
[11/11]账号：131****4350
使用加密保存的app_token
已设置为随机步数范围(26666~29999) 随机值:27369
修改步数 (27369) ✅


执行账号总数11，成功：10，失败：1
企业微信推送完毕：0-ok
